[2024-11-27T15:18:54.457+0000] {manager.py:483} INFO - Processing files using up to 1 processes at a time 
[2024-11-27T15:18:54.458+0000] {manager.py:484} INFO - Process each file at most once every 30 seconds
[2024-11-27T15:18:54.458+0000] {manager.py:485} INFO - Checking for new files in /opt/airflow/dags every 300 seconds
[2024-11-27T15:18:54.459+0000] {manager.py:821} INFO - Searching for files in /opt/airflow/dags
[2024-11-27T15:18:54.460+0000] {manager.py:824} INFO - There are 0 files in /opt/airflow/dags
[2024-11-27T15:23:54.781+0000] {manager.py:821} INFO - Searching for files in /opt/airflow/dags
[2024-11-27T15:23:54.782+0000] {manager.py:824} INFO - There are 0 files in /opt/airflow/dags
[2024-11-27T15:28:54.878+0000] {manager.py:821} INFO - Searching for files in /opt/airflow/dags
[2024-11-27T15:28:54.879+0000] {manager.py:824} INFO - There are 0 files in /opt/airflow/dags
[2024-11-27T15:33:55.383+0000] {manager.py:821} INFO - Searching for files in /opt/airflow/dags
[2024-11-27T15:33:55.384+0000] {manager.py:824} INFO - There are 0 files in /opt/airflow/dags
[2024-11-27T15:41:35.509+0000] {manager.py:483} INFO - Processing files using up to 1 processes at a time 
[2024-11-27T15:41:35.510+0000] {manager.py:484} INFO - Process each file at most once every 30 seconds
[2024-11-27T15:41:35.511+0000] {manager.py:485} INFO - Checking for new files in /opt/airflow/dags every 300 seconds
[2024-11-27T15:41:35.512+0000] {manager.py:821} INFO - Searching for files in /opt/airflow/dags
[2024-11-27T15:41:35.524+0000] {manager.py:824} INFO - There are 0 files in /opt/airflow/dags
[2024-11-27T15:46:35.555+0000] {manager.py:821} INFO - Searching for files in /opt/airflow/dags
[2024-11-27T15:46:35.571+0000] {manager.py:824} INFO - There are 1 files in /opt/airflow/dags
[2024-11-27T15:46:39.098+0000] {manager.py:997} INFO - 
================================================================================
DAG File Processing Stats

File Path                 PID    Runtime      # DAGs    # Errors  Last Runtime    Last Run               Last # of DB Queries
------------------------  -----  ---------  --------  ----------  --------------  -------------------  ----------------------
/opt/airflow/dags/dag.py                           1           0  1.21s           2024-11-27T15:46:36                      43
================================================================================
[2024-11-27T15:47:09.209+0000] {manager.py:997} INFO - 
================================================================================
DAG File Processing Stats

File Path                 PID    Runtime      # DAGs    # Errors  Last Runtime    Last Run               Last # of DB Queries
------------------------  -----  ---------  --------  ----------  --------------  -------------------  ----------------------
/opt/airflow/dags/dag.py                           1           0  0.31s           2024-11-27T15:47:08                      10
================================================================================
[2024-11-27T15:47:39.587+0000] {manager.py:997} INFO - 
================================================================================
DAG File Processing Stats

File Path                 PID    Runtime      # DAGs    # Errors  Last Runtime    Last Run               Last # of DB Queries
------------------------  -----  ---------  --------  ----------  --------------  -------------------  ----------------------
/opt/airflow/dags/dag.py                           1           0  0.40s           2024-11-27T15:47:39                      10
================================================================================
[2024-11-27T15:48:10.578+0000] {manager.py:997} INFO - 
================================================================================
DAG File Processing Stats

File Path                 PID    Runtime      # DAGs    # Errors  Last Runtime    Last Run               Last # of DB Queries
------------------------  -----  ---------  --------  ----------  --------------  -------------------  ----------------------
/opt/airflow/dags/dag.py                           1           0  0.31s           2024-11-27T15:48:10                      10
================================================================================
[2024-11-27T15:48:41.120+0000] {manager.py:997} INFO - 
================================================================================
DAG File Processing Stats

File Path                 PID    Runtime      # DAGs    # Errors  Last Runtime    Last Run               Last # of DB Queries
------------------------  -----  ---------  --------  ----------  --------------  -------------------  ----------------------
/opt/airflow/dags/dag.py                           1           0  0.31s           2024-11-27T15:48:41                      10
================================================================================
[2024-11-27T15:49:11.793+0000] {manager.py:997} INFO - 
================================================================================
DAG File Processing Stats

File Path                 PID    Runtime      # DAGs    # Errors  Last Runtime    Last Run               Last # of DB Queries
------------------------  -----  ---------  --------  ----------  --------------  -------------------  ----------------------
/opt/airflow/dags/dag.py                           1           0  0.41s           2024-11-27T15:49:11                      10
================================================================================
[2024-11-27T15:49:42.354+0000] {manager.py:997} INFO - 
================================================================================
DAG File Processing Stats

File Path                 PID    Runtime      # DAGs    # Errors  Last Runtime    Last Run               Last # of DB Queries
------------------------  -----  ---------  --------  ----------  --------------  -------------------  ----------------------
/opt/airflow/dags/dag.py                           1           0  0.30s           2024-11-27T15:49:42                      10
================================================================================
[2024-11-27T15:50:12.882+0000] {manager.py:997} INFO - 
================================================================================
DAG File Processing Stats

File Path                 PID    Runtime      # DAGs    # Errors  Last Runtime    Last Run               Last # of DB Queries
------------------------  -----  ---------  --------  ----------  --------------  -------------------  ----------------------
/opt/airflow/dags/dag.py                           1           0  0.30s           2024-11-27T15:50:12                      10
================================================================================
[2024-11-27T15:50:43.375+0000] {manager.py:997} INFO - 
================================================================================
DAG File Processing Stats

File Path                 PID    Runtime      # DAGs    # Errors  Last Runtime    Last Run               Last # of DB Queries
------------------------  -----  ---------  --------  ----------  --------------  -------------------  ----------------------
/opt/airflow/dags/dag.py                           1           0  0.30s           2024-11-27T15:50:43                      10
================================================================================
[2024-11-27T15:51:13.966+0000] {manager.py:997} INFO - 
================================================================================
DAG File Processing Stats

File Path                 PID    Runtime      # DAGs    # Errors  Last Runtime    Last Run               Last # of DB Queries
------------------------  -----  ---------  --------  ----------  --------------  -------------------  ----------------------
/opt/airflow/dags/dag.py                           1           0  0.30s           2024-11-27T15:51:13                      10
================================================================================
[2024-11-27T15:51:36.008+0000] {manager.py:821} INFO - Searching for files in /opt/airflow/dags
[2024-11-27T15:51:36.041+0000] {manager.py:824} INFO - There are 1 files in /opt/airflow/dags
[2024-11-27T15:51:44.430+0000] {manager.py:997} INFO - 
================================================================================
DAG File Processing Stats

File Path                 PID    Runtime      # DAGs    # Errors  Last Runtime    Last Run               Last # of DB Queries
------------------------  -----  ---------  --------  ----------  --------------  -------------------  ----------------------
/opt/airflow/dags/dag.py                           1           0  0.30s           2024-11-27T15:51:44                      10
================================================================================
[2024-11-27T15:52:14.965+0000] {manager.py:997} INFO - 
================================================================================
DAG File Processing Stats

File Path                 PID    Runtime      # DAGs    # Errors  Last Runtime    Last Run               Last # of DB Queries
------------------------  -----  ---------  --------  ----------  --------------  -------------------  ----------------------
/opt/airflow/dags/dag.py                           1           0  0.30s           2024-11-27T15:52:14                      10
================================================================================
[2024-11-27T15:52:45.515+0000] {manager.py:997} INFO - 
================================================================================
DAG File Processing Stats

File Path                 PID    Runtime      # DAGs    # Errors  Last Runtime    Last Run               Last # of DB Queries
------------------------  -----  ---------  --------  ----------  --------------  -------------------  ----------------------
/opt/airflow/dags/dag.py                           1           0  0.31s           2024-11-27T15:52:45                      10
================================================================================
[2024-11-27T15:53:15.757+0000] {manager.py:997} INFO - 
================================================================================
DAG File Processing Stats

File Path                 PID    Runtime      # DAGs    # Errors  Last Runtime    Last Run               Last # of DB Queries
------------------------  -----  ---------  --------  ----------  --------------  -------------------  ----------------------
/opt/airflow/dags/dag.py                           1           0  0.30s           2024-11-27T15:53:11                      11
================================================================================
[2024-11-27T15:53:45.986+0000] {manager.py:997} INFO - 
================================================================================
DAG File Processing Stats

File Path                 PID    Runtime      # DAGs    # Errors  Last Runtime    Last Run               Last # of DB Queries
------------------------  -----  ---------  --------  ----------  --------------  -------------------  ----------------------
/opt/airflow/dags/dag.py                           1           0  0.42s           2024-11-27T15:53:42                      12
================================================================================
[2024-11-27T15:54:16.004+0000] {manager.py:997} INFO - 
================================================================================
DAG File Processing Stats

File Path                 PID    Runtime      # DAGs    # Errors  Last Runtime    Last Run               Last # of DB Queries
------------------------  -----  ---------  --------  ----------  --------------  -------------------  ----------------------
/opt/airflow/dags/dag.py                           1           0  0.30s           2024-11-27T15:54:13                      12
================================================================================
[2024-11-27T15:54:46.534+0000] {manager.py:997} INFO - 
================================================================================
DAG File Processing Stats

File Path                 PID    Runtime      # DAGs    # Errors  Last Runtime    Last Run               Last # of DB Queries
------------------------  -----  ---------  --------  ----------  --------------  -------------------  ----------------------
/opt/airflow/dags/dag.py                           1           0  0.30s           2024-11-27T15:54:44                      12
================================================================================
[2024-11-27T15:55:16.755+0000] {manager.py:997} INFO - 
================================================================================
DAG File Processing Stats

File Path                 PID    Runtime      # DAGs    # Errors  Last Runtime    Last Run               Last # of DB Queries
------------------------  -----  ---------  --------  ----------  --------------  -------------------  ----------------------
/opt/airflow/dags/dag.py                           1           0  0.30s           2024-11-27T15:55:16                      12
================================================================================
[2024-11-27T15:55:47.022+0000] {manager.py:997} INFO - 
================================================================================
DAG File Processing Stats

File Path                 PID    Runtime      # DAGs    # Errors  Last Runtime    Last Run               Last # of DB Queries
------------------------  -----  ---------  --------  ----------  --------------  -------------------  ----------------------
/opt/airflow/dags/dag.py                           1           0  0.30s           2024-11-27T15:55:47                      12
================================================================================
[2024-11-27T15:56:17.488+0000] {manager.py:997} INFO - 
================================================================================
DAG File Processing Stats

File Path                 PID    Runtime      # DAGs    # Errors  Last Runtime    Last Run               Last # of DB Queries
------------------------  -----  ---------  --------  ----------  --------------  -------------------  ----------------------
/opt/airflow/dags/dag.py                           1           0  0.31s           2024-11-27T15:56:17                      12
================================================================================
[2024-11-27T15:56:36.469+0000] {manager.py:821} INFO - Searching for files in /opt/airflow/dags
[2024-11-27T15:56:36.500+0000] {manager.py:824} INFO - There are 1 files in /opt/airflow/dags
[2024-11-27T15:56:47.948+0000] {manager.py:997} INFO - 
================================================================================
DAG File Processing Stats

File Path                 PID    Runtime      # DAGs    # Errors  Last Runtime    Last Run               Last # of DB Queries
------------------------  -----  ---------  --------  ----------  --------------  -------------------  ----------------------
/opt/airflow/dags/dag.py                           1           0  0.20s           2024-11-27T15:56:47                      12
================================================================================
[2024-11-27T15:57:18.406+0000] {manager.py:997} INFO - 
================================================================================
DAG File Processing Stats

File Path                 PID    Runtime      # DAGs    # Errors  Last Runtime    Last Run               Last # of DB Queries
------------------------  -----  ---------  --------  ----------  --------------  -------------------  ----------------------
/opt/airflow/dags/dag.py                           1           0  0.30s           2024-11-27T15:57:18                      12
================================================================================
[2024-11-27T15:57:49.161+0000] {manager.py:997} INFO - 
================================================================================
DAG File Processing Stats

File Path                 PID    Runtime      # DAGs    # Errors  Last Runtime    Last Run               Last # of DB Queries
------------------------  -----  ---------  --------  ----------  --------------  -------------------  ----------------------
/opt/airflow/dags/dag.py                           1           0  0.40s           2024-11-27T15:57:49                      12
================================================================================
[2024-11-27T15:58:19.706+0000] {manager.py:997} INFO - 
================================================================================
DAG File Processing Stats

File Path                 PID    Runtime      # DAGs    # Errors  Last Runtime    Last Run               Last # of DB Queries
------------------------  -----  ---------  --------  ----------  --------------  -------------------  ----------------------
/opt/airflow/dags/dag.py                           1           0  0.30s           2024-11-27T15:58:19                      12
================================================================================
[2024-11-27T15:58:50.258+0000] {manager.py:997} INFO - 
================================================================================
DAG File Processing Stats

File Path                 PID    Runtime      # DAGs    # Errors  Last Runtime    Last Run               Last # of DB Queries
------------------------  -----  ---------  --------  ----------  --------------  -------------------  ----------------------
/opt/airflow/dags/dag.py                           1           0  0.30s           2024-11-27T15:58:50                      12
================================================================================
[2024-11-27T15:59:20.806+0000] {manager.py:997} INFO - 
================================================================================
DAG File Processing Stats

File Path                 PID    Runtime      # DAGs    # Errors  Last Runtime    Last Run               Last # of DB Queries
------------------------  -----  ---------  --------  ----------  --------------  -------------------  ----------------------
/opt/airflow/dags/dag.py                           1           0  0.30s           2024-11-27T15:59:20                      12
================================================================================
[2024-11-27T15:59:51.356+0000] {manager.py:997} INFO - 
================================================================================
DAG File Processing Stats

File Path                 PID    Runtime      # DAGs    # Errors  Last Runtime    Last Run               Last # of DB Queries
------------------------  -----  ---------  --------  ----------  --------------  -------------------  ----------------------
/opt/airflow/dags/dag.py                           1           0  0.30s           2024-11-27T15:59:51                      12
================================================================================
[2024-11-27T16:00:21.710+0000] {manager.py:997} INFO - 
================================================================================
DAG File Processing Stats

File Path                 PID    Runtime      # DAGs    # Errors  Last Runtime    Last Run               Last # of DB Queries
------------------------  -----  ---------  --------  ----------  --------------  -------------------  ----------------------
/opt/airflow/dags/dag.py                           1           0  0.30s           2024-11-27T16:00:21                      12
================================================================================
[2024-11-27T16:00:52.351+0000] {manager.py:997} INFO - 
================================================================================
DAG File Processing Stats

File Path                 PID    Runtime      # DAGs    # Errors  Last Runtime    Last Run               Last # of DB Queries
------------------------  -----  ---------  --------  ----------  --------------  -------------------  ----------------------
/opt/airflow/dags/dag.py                           1           0  0.40s           2024-11-27T16:00:52                      12
================================================================================
[2024-11-27T16:01:22.882+0000] {manager.py:997} INFO - 
================================================================================
DAG File Processing Stats

File Path                 PID    Runtime      # DAGs    # Errors  Last Runtime    Last Run               Last # of DB Queries
------------------------  -----  ---------  --------  ----------  --------------  -------------------  ----------------------
/opt/airflow/dags/dag.py                           1           0  0.30s           2024-11-27T16:01:22                      12
================================================================================
[2024-11-27T16:01:36.641+0000] {manager.py:821} INFO - Searching for files in /opt/airflow/dags
[2024-11-27T16:01:36.673+0000] {manager.py:824} INFO - There are 1 files in /opt/airflow/dags
[2024-11-27T16:01:53.475+0000] {manager.py:997} INFO - 
================================================================================
DAG File Processing Stats

File Path                 PID    Runtime      # DAGs    # Errors  Last Runtime    Last Run               Last # of DB Queries
------------------------  -----  ---------  --------  ----------  --------------  -------------------  ----------------------
/opt/airflow/dags/dag.py                           1           0  0.30s           2024-11-27T16:01:53                      12
================================================================================
[2024-11-27T16:02:23.997+0000] {manager.py:997} INFO - 
================================================================================
DAG File Processing Stats

File Path                 PID    Runtime      # DAGs    # Errors  Last Runtime    Last Run               Last # of DB Queries
------------------------  -----  ---------  --------  ----------  --------------  -------------------  ----------------------
/opt/airflow/dags/dag.py                           1           0  0.30s           2024-11-27T16:02:23                      12
================================================================================
[2024-11-27T16:02:54.541+0000] {manager.py:997} INFO - 
================================================================================
DAG File Processing Stats

File Path                 PID    Runtime      # DAGs    # Errors  Last Runtime    Last Run               Last # of DB Queries
------------------------  -----  ---------  --------  ----------  --------------  -------------------  ----------------------
/opt/airflow/dags/dag.py                           1           0  0.30s           2024-11-27T16:02:54                      12
================================================================================
[2024-11-27T16:03:25.074+0000] {manager.py:997} INFO - 
================================================================================
DAG File Processing Stats

File Path                 PID    Runtime      # DAGs    # Errors  Last Runtime    Last Run               Last # of DB Queries
------------------------  -----  ---------  --------  ----------  --------------  -------------------  ----------------------
/opt/airflow/dags/dag.py                           1           0  0.30s           2024-11-27T16:03:25                      12
================================================================================
[2024-11-27T16:03:55.625+0000] {manager.py:997} INFO - 
================================================================================
DAG File Processing Stats

File Path                 PID    Runtime      # DAGs    # Errors  Last Runtime    Last Run               Last # of DB Queries
------------------------  -----  ---------  --------  ----------  --------------  -------------------  ----------------------
/opt/airflow/dags/dag.py                           1           0  0.30s           2024-11-27T16:03:55                      12
================================================================================
[2024-11-27T16:04:26.024+0000] {manager.py:997} INFO - 
================================================================================
DAG File Processing Stats

File Path                 PID    Runtime      # DAGs    # Errors  Last Runtime    Last Run               Last # of DB Queries
------------------------  -----  ---------  --------  ----------  --------------  -------------------  ----------------------
/opt/airflow/dags/dag.py                           1           0  0.31s           2024-11-27T16:04:26                      12
================================================================================
[2024-11-27T16:04:56.587+0000] {manager.py:997} INFO - 
================================================================================
DAG File Processing Stats

File Path                 PID    Runtime      # DAGs    # Errors  Last Runtime    Last Run               Last # of DB Queries
------------------------  -----  ---------  --------  ----------  --------------  -------------------  ----------------------
/opt/airflow/dags/dag.py                           1           0  0.31s           2024-11-27T16:04:56                      12
================================================================================
[2024-11-27T16:05:27.069+0000] {manager.py:997} INFO - 
================================================================================
DAG File Processing Stats

File Path                 PID    Runtime      # DAGs    # Errors  Last Runtime    Last Run               Last # of DB Queries
------------------------  -----  ---------  --------  ----------  --------------  -------------------  ----------------------
/opt/airflow/dags/dag.py                           1           0  0.30s           2024-11-27T16:05:27                      12
================================================================================
[2024-11-27T16:05:57.740+0000] {manager.py:997} INFO - 
================================================================================
DAG File Processing Stats

File Path                 PID    Runtime      # DAGs    # Errors  Last Runtime    Last Run               Last # of DB Queries
------------------------  -----  ---------  --------  ----------  --------------  -------------------  ----------------------
/opt/airflow/dags/dag.py                           1           0  0.31s           2024-11-27T16:05:57                      12
================================================================================
[2024-11-27T16:06:28.130+0000] {manager.py:997} INFO - 
================================================================================
DAG File Processing Stats

File Path                 PID    Runtime      # DAGs    # Errors  Last Runtime    Last Run               Last # of DB Queries
------------------------  -----  ---------  --------  ----------  --------------  -------------------  ----------------------
/opt/airflow/dags/dag.py                           1           0  0.31s           2024-11-27T16:06:28                      12
================================================================================
[2024-11-27T16:06:37.171+0000] {manager.py:821} INFO - Searching for files in /opt/airflow/dags
[2024-11-27T16:06:37.210+0000] {manager.py:824} INFO - There are 1 files in /opt/airflow/dags
[2024-11-27T16:06:58.815+0000] {manager.py:997} INFO - 
================================================================================
DAG File Processing Stats

File Path                 PID    Runtime      # DAGs    # Errors  Last Runtime    Last Run               Last # of DB Queries
------------------------  -----  ---------  --------  ----------  --------------  -------------------  ----------------------
/opt/airflow/dags/dag.py                           1           0  0.40s           2024-11-27T16:06:58                      12
================================================================================
