[2024-11-27T15:46:35.689+0000] {processor.py:186} INFO - Started process (PID=93) to work on /opt/airflow/dags/dag.py
[2024-11-27T15:46:35.690+0000] {processor.py:914} INFO - Processing file /opt/airflow/dags/dag.py for tasks to queue
[2024-11-27T15:46:35.693+0000] {logging_mixin.py:190} INFO - [2024-11-27T15:46:35.692+0000] {dagbag.py:588} INFO - Filling up the DagBag from /opt/airflow/dags/dag.py
[2024-11-27T15:46:35.749+0000] {processor.py:925} INFO - DAG(s) 'weather_data_pipeline' retrieved from /opt/airflow/dags/dag.py
[2024-11-27T15:46:36.013+0000] {logging_mixin.py:190} INFO - [2024-11-27T15:46:36.011+0000] {override.py:1911} INFO - Created Permission View: can delete on DAG:weather_data_pipeline
[2024-11-27T15:46:36.109+0000] {logging_mixin.py:190} INFO - [2024-11-27T15:46:36.108+0000] {override.py:1911} INFO - Created Permission View: can edit on DAG:weather_data_pipeline
[2024-11-27T15:46:36.198+0000] {logging_mixin.py:190} INFO - [2024-11-27T15:46:36.197+0000] {override.py:1911} INFO - Created Permission View: can read on DAG:weather_data_pipeline
[2024-11-27T15:46:36.332+0000] {logging_mixin.py:190} INFO - [2024-11-27T15:46:36.331+0000] {override.py:1911} INFO - Created Permission View: can delete on DAG Run:weather_data_pipeline
[2024-11-27T15:46:36.403+0000] {logging_mixin.py:190} INFO - [2024-11-27T15:46:36.402+0000] {override.py:1911} INFO - Created Permission View: menu access on DAG Run:weather_data_pipeline
[2024-11-27T15:46:36.483+0000] {logging_mixin.py:190} INFO - [2024-11-27T15:46:36.482+0000] {override.py:1911} INFO - Created Permission View: can create on DAG Run:weather_data_pipeline
[2024-11-27T15:46:36.602+0000] {logging_mixin.py:190} INFO - [2024-11-27T15:46:36.602+0000] {override.py:1911} INFO - Created Permission View: can read on DAG Run:weather_data_pipeline
[2024-11-27T15:46:36.603+0000] {logging_mixin.py:190} INFO - [2024-11-27T15:46:36.603+0000] {dag.py:3239} INFO - Sync 1 DAGs
[2024-11-27T15:46:36.625+0000] {logging_mixin.py:190} INFO - [2024-11-27T15:46:36.625+0000] {dag.py:3262} INFO - Creating ORM DAG for weather_data_pipeline
[2024-11-27T15:46:36.626+0000] {logging_mixin.py:190} INFO - [2024-11-27T15:46:36.626+0000] {dag.py:4180} INFO - Setting next_dagrun for weather_data_pipeline to None, run_after=None
[2024-11-27T15:46:36.778+0000] {processor.py:208} INFO - Processing /opt/airflow/dags/dag.py took 1.096 seconds
[2024-11-27T15:47:07.818+0000] {processor.py:186} INFO - Started process (PID=94) to work on /opt/airflow/dags/dag.py
[2024-11-27T15:47:07.819+0000] {processor.py:914} INFO - Processing file /opt/airflow/dags/dag.py for tasks to queue
[2024-11-27T15:47:07.821+0000] {logging_mixin.py:190} INFO - [2024-11-27T15:47:07.821+0000] {dagbag.py:588} INFO - Filling up the DagBag from /opt/airflow/dags/dag.py
[2024-11-27T15:47:07.853+0000] {processor.py:925} INFO - DAG(s) 'weather_data_pipeline' retrieved from /opt/airflow/dags/dag.py
[2024-11-27T15:47:07.884+0000] {logging_mixin.py:190} INFO - [2024-11-27T15:47:07.884+0000] {dag.py:3239} INFO - Sync 1 DAGs
[2024-11-27T15:47:07.903+0000] {logging_mixin.py:190} INFO - [2024-11-27T15:47:07.903+0000] {dag.py:4180} INFO - Setting next_dagrun for weather_data_pipeline to None, run_after=None
[2024-11-27T15:47:08.018+0000] {processor.py:208} INFO - Processing /opt/airflow/dags/dag.py took 0.207 seconds
[2024-11-27T15:47:39.203+0000] {processor.py:186} INFO - Started process (PID=127) to work on /opt/airflow/dags/dag.py
[2024-11-27T15:47:39.204+0000] {processor.py:914} INFO - Processing file /opt/airflow/dags/dag.py for tasks to queue
[2024-11-27T15:47:39.206+0000] {logging_mixin.py:190} INFO - [2024-11-27T15:47:39.206+0000] {dagbag.py:588} INFO - Filling up the DagBag from /opt/airflow/dags/dag.py
[2024-11-27T15:47:39.233+0000] {processor.py:925} INFO - DAG(s) 'weather_data_pipeline' retrieved from /opt/airflow/dags/dag.py
[2024-11-27T15:47:39.264+0000] {logging_mixin.py:190} INFO - [2024-11-27T15:47:39.264+0000] {dag.py:3239} INFO - Sync 1 DAGs
[2024-11-27T15:47:39.282+0000] {logging_mixin.py:190} INFO - [2024-11-27T15:47:39.282+0000] {dag.py:4180} INFO - Setting next_dagrun for weather_data_pipeline to None, run_after=None
[2024-11-27T15:47:39.486+0000] {processor.py:208} INFO - Processing /opt/airflow/dags/dag.py took 0.288 seconds
[2024-11-27T15:48:10.307+0000] {processor.py:186} INFO - Started process (PID=128) to work on /opt/airflow/dags/dag.py
[2024-11-27T15:48:10.309+0000] {processor.py:914} INFO - Processing file /opt/airflow/dags/dag.py for tasks to queue
[2024-11-27T15:48:10.312+0000] {logging_mixin.py:190} INFO - [2024-11-27T15:48:10.312+0000] {dagbag.py:588} INFO - Filling up the DagBag from /opt/airflow/dags/dag.py
[2024-11-27T15:48:10.343+0000] {processor.py:925} INFO - DAG(s) 'weather_data_pipeline' retrieved from /opt/airflow/dags/dag.py
[2024-11-27T15:48:10.375+0000] {logging_mixin.py:190} INFO - [2024-11-27T15:48:10.375+0000] {dag.py:3239} INFO - Sync 1 DAGs
[2024-11-27T15:48:10.392+0000] {logging_mixin.py:190} INFO - [2024-11-27T15:48:10.392+0000] {dag.py:4180} INFO - Setting next_dagrun for weather_data_pipeline to None, run_after=None
[2024-11-27T15:48:10.517+0000] {processor.py:208} INFO - Processing /opt/airflow/dags/dag.py took 0.218 seconds
[2024-11-27T15:48:40.839+0000] {processor.py:186} INFO - Started process (PID=129) to work on /opt/airflow/dags/dag.py
[2024-11-27T15:48:40.840+0000] {processor.py:914} INFO - Processing file /opt/airflow/dags/dag.py for tasks to queue
[2024-11-27T15:48:40.844+0000] {logging_mixin.py:190} INFO - [2024-11-27T15:48:40.843+0000] {dagbag.py:588} INFO - Filling up the DagBag from /opt/airflow/dags/dag.py
[2024-11-27T15:48:40.871+0000] {processor.py:925} INFO - DAG(s) 'weather_data_pipeline' retrieved from /opt/airflow/dags/dag.py
[2024-11-27T15:48:40.905+0000] {logging_mixin.py:190} INFO - [2024-11-27T15:48:40.904+0000] {dag.py:3239} INFO - Sync 1 DAGs
[2024-11-27T15:48:40.921+0000] {logging_mixin.py:190} INFO - [2024-11-27T15:48:40.921+0000] {dag.py:4180} INFO - Setting next_dagrun for weather_data_pipeline to None, run_after=None
[2024-11-27T15:48:41.032+0000] {processor.py:208} INFO - Processing /opt/airflow/dags/dag.py took 0.199 seconds
[2024-11-27T15:49:11.413+0000] {processor.py:186} INFO - Started process (PID=130) to work on /opt/airflow/dags/dag.py
[2024-11-27T15:49:11.414+0000] {processor.py:914} INFO - Processing file /opt/airflow/dags/dag.py for tasks to queue
[2024-11-27T15:49:11.417+0000] {logging_mixin.py:190} INFO - [2024-11-27T15:49:11.417+0000] {dagbag.py:588} INFO - Filling up the DagBag from /opt/airflow/dags/dag.py
[2024-11-27T15:49:11.449+0000] {processor.py:925} INFO - DAG(s) 'weather_data_pipeline' retrieved from /opt/airflow/dags/dag.py
[2024-11-27T15:49:11.484+0000] {logging_mixin.py:190} INFO - [2024-11-27T15:49:11.484+0000] {dag.py:3239} INFO - Sync 1 DAGs
[2024-11-27T15:49:11.503+0000] {logging_mixin.py:190} INFO - [2024-11-27T15:49:11.503+0000] {dag.py:4180} INFO - Setting next_dagrun for weather_data_pipeline to None, run_after=None
[2024-11-27T15:49:11.757+0000] {processor.py:208} INFO - Processing /opt/airflow/dags/dag.py took 0.351 seconds
[2024-11-27T15:49:42.072+0000] {processor.py:186} INFO - Started process (PID=131) to work on /opt/airflow/dags/dag.py
[2024-11-27T15:49:42.073+0000] {processor.py:914} INFO - Processing file /opt/airflow/dags/dag.py for tasks to queue
[2024-11-27T15:49:42.076+0000] {logging_mixin.py:190} INFO - [2024-11-27T15:49:42.076+0000] {dagbag.py:588} INFO - Filling up the DagBag from /opt/airflow/dags/dag.py
[2024-11-27T15:49:42.105+0000] {processor.py:925} INFO - DAG(s) 'weather_data_pipeline' retrieved from /opt/airflow/dags/dag.py
[2024-11-27T15:49:42.139+0000] {logging_mixin.py:190} INFO - [2024-11-27T15:49:42.139+0000] {dag.py:3239} INFO - Sync 1 DAGs
[2024-11-27T15:49:42.157+0000] {logging_mixin.py:190} INFO - [2024-11-27T15:49:42.157+0000] {dag.py:4180} INFO - Setting next_dagrun for weather_data_pipeline to None, run_after=None
[2024-11-27T15:49:42.292+0000] {processor.py:208} INFO - Processing /opt/airflow/dags/dag.py took 0.225 seconds
[2024-11-27T15:50:12.600+0000] {processor.py:186} INFO - Started process (PID=132) to work on /opt/airflow/dags/dag.py
[2024-11-27T15:50:12.601+0000] {processor.py:914} INFO - Processing file /opt/airflow/dags/dag.py for tasks to queue
[2024-11-27T15:50:12.603+0000] {logging_mixin.py:190} INFO - [2024-11-27T15:50:12.603+0000] {dagbag.py:588} INFO - Filling up the DagBag from /opt/airflow/dags/dag.py
[2024-11-27T15:50:12.631+0000] {processor.py:925} INFO - DAG(s) 'weather_data_pipeline' retrieved from /opt/airflow/dags/dag.py
[2024-11-27T15:50:12.665+0000] {logging_mixin.py:190} INFO - [2024-11-27T15:50:12.665+0000] {dag.py:3239} INFO - Sync 1 DAGs
[2024-11-27T15:50:12.686+0000] {logging_mixin.py:190} INFO - [2024-11-27T15:50:12.686+0000] {dag.py:4180} INFO - Setting next_dagrun for weather_data_pipeline to None, run_after=None
[2024-11-27T15:50:12.805+0000] {processor.py:208} INFO - Processing /opt/airflow/dags/dag.py took 0.210 seconds
[2024-11-27T15:50:43.093+0000] {processor.py:186} INFO - Started process (PID=133) to work on /opt/airflow/dags/dag.py
[2024-11-27T15:50:43.094+0000] {processor.py:914} INFO - Processing file /opt/airflow/dags/dag.py for tasks to queue
[2024-11-27T15:50:43.096+0000] {logging_mixin.py:190} INFO - [2024-11-27T15:50:43.096+0000] {dagbag.py:588} INFO - Filling up the DagBag from /opt/airflow/dags/dag.py
[2024-11-27T15:50:43.124+0000] {processor.py:925} INFO - DAG(s) 'weather_data_pipeline' retrieved from /opt/airflow/dags/dag.py
[2024-11-27T15:50:43.156+0000] {logging_mixin.py:190} INFO - [2024-11-27T15:50:43.156+0000] {dag.py:3239} INFO - Sync 1 DAGs
[2024-11-27T15:50:43.173+0000] {logging_mixin.py:190} INFO - [2024-11-27T15:50:43.173+0000] {dag.py:4180} INFO - Setting next_dagrun for weather_data_pipeline to None, run_after=None
[2024-11-27T15:50:43.308+0000] {processor.py:208} INFO - Processing /opt/airflow/dags/dag.py took 0.220 seconds
[2024-11-27T15:51:13.682+0000] {processor.py:186} INFO - Started process (PID=134) to work on /opt/airflow/dags/dag.py
[2024-11-27T15:51:13.683+0000] {processor.py:914} INFO - Processing file /opt/airflow/dags/dag.py for tasks to queue
[2024-11-27T15:51:13.685+0000] {logging_mixin.py:190} INFO - [2024-11-27T15:51:13.685+0000] {dagbag.py:588} INFO - Filling up the DagBag from /opt/airflow/dags/dag.py
[2024-11-27T15:51:13.713+0000] {processor.py:925} INFO - DAG(s) 'weather_data_pipeline' retrieved from /opt/airflow/dags/dag.py
[2024-11-27T15:51:13.744+0000] {logging_mixin.py:190} INFO - [2024-11-27T15:51:13.744+0000] {dag.py:3239} INFO - Sync 1 DAGs
[2024-11-27T15:51:13.761+0000] {logging_mixin.py:190} INFO - [2024-11-27T15:51:13.761+0000] {dag.py:4180} INFO - Setting next_dagrun for weather_data_pipeline to None, run_after=None
[2024-11-27T15:51:13.869+0000] {processor.py:208} INFO - Processing /opt/airflow/dags/dag.py took 0.193 seconds
[2024-11-27T15:51:44.149+0000] {processor.py:186} INFO - Started process (PID=135) to work on /opt/airflow/dags/dag.py
[2024-11-27T15:51:44.150+0000] {processor.py:914} INFO - Processing file /opt/airflow/dags/dag.py for tasks to queue
[2024-11-27T15:51:44.152+0000] {logging_mixin.py:190} INFO - [2024-11-27T15:51:44.152+0000] {dagbag.py:588} INFO - Filling up the DagBag from /opt/airflow/dags/dag.py
[2024-11-27T15:51:44.181+0000] {processor.py:925} INFO - DAG(s) 'weather_data_pipeline' retrieved from /opt/airflow/dags/dag.py
[2024-11-27T15:51:44.212+0000] {logging_mixin.py:190} INFO - [2024-11-27T15:51:44.212+0000] {dag.py:3239} INFO - Sync 1 DAGs
[2024-11-27T15:51:44.228+0000] {logging_mixin.py:190} INFO - [2024-11-27T15:51:44.228+0000] {dag.py:4180} INFO - Setting next_dagrun for weather_data_pipeline to None, run_after=None
[2024-11-27T15:51:44.339+0000] {processor.py:208} INFO - Processing /opt/airflow/dags/dag.py took 0.196 seconds
[2024-11-27T15:52:14.682+0000] {processor.py:186} INFO - Started process (PID=136) to work on /opt/airflow/dags/dag.py
[2024-11-27T15:52:14.684+0000] {processor.py:914} INFO - Processing file /opt/airflow/dags/dag.py for tasks to queue
[2024-11-27T15:52:14.686+0000] {logging_mixin.py:190} INFO - [2024-11-27T15:52:14.686+0000] {dagbag.py:588} INFO - Filling up the DagBag from /opt/airflow/dags/dag.py
[2024-11-27T15:52:14.717+0000] {processor.py:925} INFO - DAG(s) 'weather_data_pipeline' retrieved from /opt/airflow/dags/dag.py
[2024-11-27T15:52:14.750+0000] {logging_mixin.py:190} INFO - [2024-11-27T15:52:14.750+0000] {dag.py:3239} INFO - Sync 1 DAGs
[2024-11-27T15:52:14.771+0000] {logging_mixin.py:190} INFO - [2024-11-27T15:52:14.771+0000] {dag.py:4180} INFO - Setting next_dagrun for weather_data_pipeline to None, run_after=None
[2024-11-27T15:52:14.872+0000] {processor.py:208} INFO - Processing /opt/airflow/dags/dag.py took 0.195 seconds
[2024-11-27T15:52:45.235+0000] {processor.py:186} INFO - Started process (PID=137) to work on /opt/airflow/dags/dag.py
[2024-11-27T15:52:45.236+0000] {processor.py:914} INFO - Processing file /opt/airflow/dags/dag.py for tasks to queue
[2024-11-27T15:52:45.238+0000] {logging_mixin.py:190} INFO - [2024-11-27T15:52:45.238+0000] {dagbag.py:588} INFO - Filling up the DagBag from /opt/airflow/dags/dag.py
[2024-11-27T15:52:45.268+0000] {processor.py:925} INFO - DAG(s) 'weather_data_pipeline' retrieved from /opt/airflow/dags/dag.py
[2024-11-27T15:52:45.300+0000] {logging_mixin.py:190} INFO - [2024-11-27T15:52:45.300+0000] {dag.py:3239} INFO - Sync 1 DAGs
[2024-11-27T15:52:45.317+0000] {logging_mixin.py:190} INFO - [2024-11-27T15:52:45.317+0000] {dag.py:4180} INFO - Setting next_dagrun for weather_data_pipeline to None, run_after=None
[2024-11-27T15:52:45.433+0000] {processor.py:208} INFO - Processing /opt/airflow/dags/dag.py took 0.203 seconds
[2024-11-27T15:53:05.735+0000] {processor.py:186} INFO - Started process (PID=138) to work on /opt/airflow/dags/dag.py
[2024-11-27T15:53:05.736+0000] {processor.py:914} INFO - Processing file /opt/airflow/dags/dag.py for tasks to queue
[2024-11-27T15:53:05.739+0000] {logging_mixin.py:190} INFO - [2024-11-27T15:53:05.739+0000] {dagbag.py:588} INFO - Filling up the DagBag from /opt/airflow/dags/dag.py
[2024-11-27T15:53:05.787+0000] {processor.py:925} INFO - DAG(s) 'weather_data_pipeline' retrieved from /opt/airflow/dags/dag.py
[2024-11-27T15:53:05.960+0000] {logging_mixin.py:190} INFO - [2024-11-27T15:53:05.959+0000] {dag.py:3239} INFO - Sync 1 DAGs
[2024-11-27T15:53:05.988+0000] {logging_mixin.py:190} INFO - [2024-11-27T15:53:05.987+0000] {dag.py:4180} INFO - Setting next_dagrun for weather_data_pipeline to 2024-11-25 21:00:00+00:00, run_after=2024-12-02 21:00:00+00:00
[2024-11-27T15:53:06.254+0000] {processor.py:208} INFO - Processing /opt/airflow/dags/dag.py took 0.524 seconds
[2024-11-27T15:53:07.469+0000] {processor.py:186} INFO - Started process (PID=139) to work on /opt/airflow/dags/dag.py
[2024-11-27T15:53:07.470+0000] {processor.py:914} INFO - Processing file /opt/airflow/dags/dag.py for tasks to queue
[2024-11-27T15:53:07.473+0000] {logging_mixin.py:190} INFO - [2024-11-27T15:53:07.472+0000] {dagbag.py:588} INFO - Filling up the DagBag from /opt/airflow/dags/dag.py
[2024-11-27T15:53:07.528+0000] {processor.py:925} INFO - DAG(s) 'weather_data_pipeline' retrieved from /opt/airflow/dags/dag.py
[2024-11-27T15:53:07.546+0000] {logging_mixin.py:190} INFO - [2024-11-27T15:53:07.545+0000] {dag.py:3239} INFO - Sync 1 DAGs
[2024-11-27T15:53:07.577+0000] {logging_mixin.py:190} INFO - [2024-11-27T15:53:07.577+0000] {dag.py:4180} INFO - Setting next_dagrun for weather_data_pipeline to 2024-11-25 21:00:00+00:00, run_after=2024-12-02 21:00:00+00:00
[2024-11-27T15:53:07.710+0000] {processor.py:208} INFO - Processing /opt/airflow/dags/dag.py took 0.247 seconds
[2024-11-27T15:53:08.626+0000] {processor.py:186} INFO - Started process (PID=140) to work on /opt/airflow/dags/dag.py
[2024-11-27T15:53:08.627+0000] {processor.py:914} INFO - Processing file /opt/airflow/dags/dag.py for tasks to queue
[2024-11-27T15:53:08.630+0000] {logging_mixin.py:190} INFO - [2024-11-27T15:53:08.630+0000] {dagbag.py:588} INFO - Filling up the DagBag from /opt/airflow/dags/dag.py
[2024-11-27T15:53:08.682+0000] {processor.py:925} INFO - DAG(s) 'weather_data_pipeline' retrieved from /opt/airflow/dags/dag.py
[2024-11-27T15:53:08.699+0000] {logging_mixin.py:190} INFO - [2024-11-27T15:53:08.699+0000] {dag.py:3239} INFO - Sync 1 DAGs
[2024-11-27T15:53:08.728+0000] {logging_mixin.py:190} INFO - [2024-11-27T15:53:08.728+0000] {dag.py:4180} INFO - Setting next_dagrun for weather_data_pipeline to 2024-11-25 21:00:00+00:00, run_after=2024-12-02 21:00:00+00:00
[2024-11-27T15:53:08.825+0000] {processor.py:208} INFO - Processing /opt/airflow/dags/dag.py took 0.205 seconds
[2024-11-27T15:53:10.151+0000] {processor.py:186} INFO - Started process (PID=141) to work on /opt/airflow/dags/dag.py
[2024-11-27T15:53:10.152+0000] {processor.py:914} INFO - Processing file /opt/airflow/dags/dag.py for tasks to queue
[2024-11-27T15:53:10.155+0000] {logging_mixin.py:190} INFO - [2024-11-27T15:53:10.155+0000] {dagbag.py:588} INFO - Filling up the DagBag from /opt/airflow/dags/dag.py
[2024-11-27T15:53:10.199+0000] {processor.py:925} INFO - DAG(s) 'weather_data_pipeline' retrieved from /opt/airflow/dags/dag.py
[2024-11-27T15:53:10.215+0000] {logging_mixin.py:190} INFO - [2024-11-27T15:53:10.215+0000] {dag.py:3239} INFO - Sync 1 DAGs
[2024-11-27T15:53:10.244+0000] {logging_mixin.py:190} INFO - [2024-11-27T15:53:10.244+0000] {dag.py:4180} INFO - Setting next_dagrun for weather_data_pipeline to 2024-11-25 21:00:00+00:00, run_after=2024-12-02 21:00:00+00:00
[2024-11-27T15:53:10.353+0000] {processor.py:208} INFO - Processing /opt/airflow/dags/dag.py took 0.208 seconds
[2024-11-27T15:53:11.570+0000] {processor.py:186} INFO - Started process (PID=142) to work on /opt/airflow/dags/dag.py
[2024-11-27T15:53:11.571+0000] {processor.py:914} INFO - Processing file /opt/airflow/dags/dag.py for tasks to queue
[2024-11-27T15:53:11.574+0000] {logging_mixin.py:190} INFO - [2024-11-27T15:53:11.574+0000] {dagbag.py:588} INFO - Filling up the DagBag from /opt/airflow/dags/dag.py
[2024-11-27T15:53:11.619+0000] {processor.py:925} INFO - DAG(s) 'weather_data_pipeline' retrieved from /opt/airflow/dags/dag.py
[2024-11-27T15:53:11.636+0000] {logging_mixin.py:190} INFO - [2024-11-27T15:53:11.635+0000] {dag.py:3239} INFO - Sync 1 DAGs
[2024-11-27T15:53:11.666+0000] {logging_mixin.py:190} INFO - [2024-11-27T15:53:11.666+0000] {dag.py:4180} INFO - Setting next_dagrun for weather_data_pipeline to 2024-11-25 21:00:00+00:00, run_after=2024-12-02 21:00:00+00:00
[2024-11-27T15:53:11.780+0000] {processor.py:208} INFO - Processing /opt/airflow/dags/dag.py took 0.216 seconds
[2024-11-27T15:53:42.410+0000] {processor.py:186} INFO - Started process (PID=143) to work on /opt/airflow/dags/dag.py
[2024-11-27T15:53:42.412+0000] {processor.py:914} INFO - Processing file /opt/airflow/dags/dag.py for tasks to queue
[2024-11-27T15:53:42.416+0000] {logging_mixin.py:190} INFO - [2024-11-27T15:53:42.416+0000] {dagbag.py:588} INFO - Filling up the DagBag from /opt/airflow/dags/dag.py
[2024-11-27T15:53:42.459+0000] {processor.py:925} INFO - DAG(s) 'weather_data_pipeline' retrieved from /opt/airflow/dags/dag.py
[2024-11-27T15:53:42.500+0000] {logging_mixin.py:190} INFO - [2024-11-27T15:53:42.500+0000] {dag.py:3239} INFO - Sync 1 DAGs
[2024-11-27T15:53:42.532+0000] {logging_mixin.py:190} INFO - [2024-11-27T15:53:42.532+0000] {dag.py:4180} INFO - Setting next_dagrun for weather_data_pipeline to 2024-11-25 21:00:00+00:00, run_after=2024-12-02 21:00:00+00:00
[2024-11-27T15:53:42.698+0000] {processor.py:208} INFO - Processing /opt/airflow/dags/dag.py took 0.299 seconds
[2024-11-27T15:54:13.521+0000] {processor.py:186} INFO - Started process (PID=144) to work on /opt/airflow/dags/dag.py
[2024-11-27T15:54:13.521+0000] {processor.py:914} INFO - Processing file /opt/airflow/dags/dag.py for tasks to queue
[2024-11-27T15:54:13.523+0000] {logging_mixin.py:190} INFO - [2024-11-27T15:54:13.523+0000] {dagbag.py:588} INFO - Filling up the DagBag from /opt/airflow/dags/dag.py
[2024-11-27T15:54:13.555+0000] {processor.py:925} INFO - DAG(s) 'weather_data_pipeline' retrieved from /opt/airflow/dags/dag.py
[2024-11-27T15:54:13.585+0000] {logging_mixin.py:190} INFO - [2024-11-27T15:54:13.584+0000] {dag.py:3239} INFO - Sync 1 DAGs
[2024-11-27T15:54:13.615+0000] {logging_mixin.py:190} INFO - [2024-11-27T15:54:13.614+0000] {dag.py:4180} INFO - Setting next_dagrun for weather_data_pipeline to 2024-11-25 21:00:00+00:00, run_after=2024-12-02 21:00:00+00:00
[2024-11-27T15:54:13.715+0000] {processor.py:208} INFO - Processing /opt/airflow/dags/dag.py took 0.200 seconds
[2024-11-27T15:54:44.539+0000] {processor.py:186} INFO - Started process (PID=145) to work on /opt/airflow/dags/dag.py
[2024-11-27T15:54:44.540+0000] {processor.py:914} INFO - Processing file /opt/airflow/dags/dag.py for tasks to queue
[2024-11-27T15:54:44.543+0000] {logging_mixin.py:190} INFO - [2024-11-27T15:54:44.543+0000] {dagbag.py:588} INFO - Filling up the DagBag from /opt/airflow/dags/dag.py
[2024-11-27T15:54:44.572+0000] {processor.py:925} INFO - DAG(s) 'weather_data_pipeline' retrieved from /opt/airflow/dags/dag.py
[2024-11-27T15:54:44.602+0000] {logging_mixin.py:190} INFO - [2024-11-27T15:54:44.602+0000] {dag.py:3239} INFO - Sync 1 DAGs
[2024-11-27T15:54:44.633+0000] {logging_mixin.py:190} INFO - [2024-11-27T15:54:44.633+0000] {dag.py:4180} INFO - Setting next_dagrun for weather_data_pipeline to 2024-11-25 21:00:00+00:00, run_after=2024-12-02 21:00:00+00:00
[2024-11-27T15:54:44.727+0000] {processor.py:208} INFO - Processing /opt/airflow/dags/dag.py took 0.193 seconds
[2024-11-27T15:55:15.722+0000] {processor.py:186} INFO - Started process (PID=146) to work on /opt/airflow/dags/dag.py
[2024-11-27T15:55:15.723+0000] {processor.py:914} INFO - Processing file /opt/airflow/dags/dag.py for tasks to queue
[2024-11-27T15:55:15.725+0000] {logging_mixin.py:190} INFO - [2024-11-27T15:55:15.725+0000] {dagbag.py:588} INFO - Filling up the DagBag from /opt/airflow/dags/dag.py
[2024-11-27T15:55:15.757+0000] {processor.py:925} INFO - DAG(s) 'weather_data_pipeline' retrieved from /opt/airflow/dags/dag.py
[2024-11-27T15:55:15.788+0000] {logging_mixin.py:190} INFO - [2024-11-27T15:55:15.788+0000] {dag.py:3239} INFO - Sync 1 DAGs
[2024-11-27T15:55:15.818+0000] {logging_mixin.py:190} INFO - [2024-11-27T15:55:15.818+0000] {dag.py:4180} INFO - Setting next_dagrun for weather_data_pipeline to 2024-11-25 21:00:00+00:00, run_after=2024-12-02 21:00:00+00:00
[2024-11-27T15:55:15.929+0000] {processor.py:208} INFO - Processing /opt/airflow/dags/dag.py took 0.213 seconds
[2024-11-27T15:55:46.737+0000] {processor.py:186} INFO - Started process (PID=147) to work on /opt/airflow/dags/dag.py
[2024-11-27T15:55:46.738+0000] {processor.py:914} INFO - Processing file /opt/airflow/dags/dag.py for tasks to queue
[2024-11-27T15:55:46.740+0000] {logging_mixin.py:190} INFO - [2024-11-27T15:55:46.739+0000] {dagbag.py:588} INFO - Filling up the DagBag from /opt/airflow/dags/dag.py
[2024-11-27T15:55:46.765+0000] {processor.py:925} INFO - DAG(s) 'weather_data_pipeline' retrieved from /opt/airflow/dags/dag.py
[2024-11-27T15:55:46.794+0000] {logging_mixin.py:190} INFO - [2024-11-27T15:55:46.793+0000] {dag.py:3239} INFO - Sync 1 DAGs
[2024-11-27T15:55:46.823+0000] {logging_mixin.py:190} INFO - [2024-11-27T15:55:46.823+0000] {dag.py:4180} INFO - Setting next_dagrun for weather_data_pipeline to 2024-11-25 21:00:00+00:00, run_after=2024-12-02 21:00:00+00:00
[2024-11-27T15:55:46.953+0000] {processor.py:208} INFO - Processing /opt/airflow/dags/dag.py took 0.222 seconds
[2024-11-27T15:56:17.206+0000] {processor.py:186} INFO - Started process (PID=148) to work on /opt/airflow/dags/dag.py
[2024-11-27T15:56:17.208+0000] {processor.py:914} INFO - Processing file /opt/airflow/dags/dag.py for tasks to queue
[2024-11-27T15:56:17.210+0000] {logging_mixin.py:190} INFO - [2024-11-27T15:56:17.210+0000] {dagbag.py:588} INFO - Filling up the DagBag from /opt/airflow/dags/dag.py
[2024-11-27T15:56:17.243+0000] {processor.py:925} INFO - DAG(s) 'weather_data_pipeline' retrieved from /opt/airflow/dags/dag.py
[2024-11-27T15:56:17.276+0000] {logging_mixin.py:190} INFO - [2024-11-27T15:56:17.275+0000] {dag.py:3239} INFO - Sync 1 DAGs
[2024-11-27T15:56:17.309+0000] {logging_mixin.py:190} INFO - [2024-11-27T15:56:17.309+0000] {dag.py:4180} INFO - Setting next_dagrun for weather_data_pipeline to 2024-11-25 21:00:00+00:00, run_after=2024-12-02 21:00:00+00:00
[2024-11-27T15:56:17.420+0000] {processor.py:208} INFO - Processing /opt/airflow/dags/dag.py took 0.220 seconds
[2024-11-27T15:56:47.763+0000] {processor.py:186} INFO - Started process (PID=149) to work on /opt/airflow/dags/dag.py
[2024-11-27T15:56:47.764+0000] {processor.py:914} INFO - Processing file /opt/airflow/dags/dag.py for tasks to queue
[2024-11-27T15:56:47.766+0000] {logging_mixin.py:190} INFO - [2024-11-27T15:56:47.766+0000] {dagbag.py:588} INFO - Filling up the DagBag from /opt/airflow/dags/dag.py
[2024-11-27T15:56:47.793+0000] {processor.py:925} INFO - DAG(s) 'weather_data_pipeline' retrieved from /opt/airflow/dags/dag.py
[2024-11-27T15:56:47.821+0000] {logging_mixin.py:190} INFO - [2024-11-27T15:56:47.821+0000] {dag.py:3239} INFO - Sync 1 DAGs
[2024-11-27T15:56:47.849+0000] {logging_mixin.py:190} INFO - [2024-11-27T15:56:47.848+0000] {dag.py:4180} INFO - Setting next_dagrun for weather_data_pipeline to 2024-11-25 21:00:00+00:00, run_after=2024-12-02 21:00:00+00:00
[2024-11-27T15:56:47.937+0000] {processor.py:208} INFO - Processing /opt/airflow/dags/dag.py took 0.179 seconds
[2024-11-27T15:57:18.124+0000] {processor.py:186} INFO - Started process (PID=150) to work on /opt/airflow/dags/dag.py
[2024-11-27T15:57:18.125+0000] {processor.py:914} INFO - Processing file /opt/airflow/dags/dag.py for tasks to queue
[2024-11-27T15:57:18.127+0000] {logging_mixin.py:190} INFO - [2024-11-27T15:57:18.127+0000] {dagbag.py:588} INFO - Filling up the DagBag from /opt/airflow/dags/dag.py
[2024-11-27T15:57:18.158+0000] {processor.py:925} INFO - DAG(s) 'weather_data_pipeline' retrieved from /opt/airflow/dags/dag.py
[2024-11-27T15:57:18.189+0000] {logging_mixin.py:190} INFO - [2024-11-27T15:57:18.189+0000] {dag.py:3239} INFO - Sync 1 DAGs
[2024-11-27T15:57:18.218+0000] {logging_mixin.py:190} INFO - [2024-11-27T15:57:18.217+0000] {dag.py:4180} INFO - Setting next_dagrun for weather_data_pipeline to 2024-11-25 21:00:00+00:00, run_after=2024-12-02 21:00:00+00:00
[2024-11-27T15:57:18.328+0000] {processor.py:208} INFO - Processing /opt/airflow/dags/dag.py took 0.210 seconds
[2024-11-27T15:57:48.854+0000] {processor.py:186} INFO - Started process (PID=151) to work on /opt/airflow/dags/dag.py
[2024-11-27T15:57:48.855+0000] {processor.py:914} INFO - Processing file /opt/airflow/dags/dag.py for tasks to queue
[2024-11-27T15:57:48.858+0000] {logging_mixin.py:190} INFO - [2024-11-27T15:57:48.857+0000] {dagbag.py:588} INFO - Filling up the DagBag from /opt/airflow/dags/dag.py
[2024-11-27T15:57:48.895+0000] {processor.py:925} INFO - DAG(s) 'weather_data_pipeline' retrieved from /opt/airflow/dags/dag.py
[2024-11-27T15:57:48.932+0000] {logging_mixin.py:190} INFO - [2024-11-27T15:57:48.931+0000] {dag.py:3239} INFO - Sync 1 DAGs
[2024-11-27T15:57:48.962+0000] {logging_mixin.py:190} INFO - [2024-11-27T15:57:48.962+0000] {dag.py:4180} INFO - Setting next_dagrun for weather_data_pipeline to 2024-11-25 21:00:00+00:00, run_after=2024-12-02 21:00:00+00:00
[2024-11-27T15:57:49.078+0000] {processor.py:208} INFO - Processing /opt/airflow/dags/dag.py took 0.308 seconds
[2024-11-27T15:58:19.423+0000] {processor.py:186} INFO - Started process (PID=152) to work on /opt/airflow/dags/dag.py
[2024-11-27T15:58:19.424+0000] {processor.py:914} INFO - Processing file /opt/airflow/dags/dag.py for tasks to queue
[2024-11-27T15:58:19.426+0000] {logging_mixin.py:190} INFO - [2024-11-27T15:58:19.426+0000] {dagbag.py:588} INFO - Filling up the DagBag from /opt/airflow/dags/dag.py
[2024-11-27T15:58:19.460+0000] {processor.py:925} INFO - DAG(s) 'weather_data_pipeline' retrieved from /opt/airflow/dags/dag.py
[2024-11-27T15:58:19.496+0000] {logging_mixin.py:190} INFO - [2024-11-27T15:58:19.496+0000] {dag.py:3239} INFO - Sync 1 DAGs
[2024-11-27T15:58:19.529+0000] {logging_mixin.py:190} INFO - [2024-11-27T15:58:19.528+0000] {dag.py:4180} INFO - Setting next_dagrun for weather_data_pipeline to 2024-11-25 21:00:00+00:00, run_after=2024-12-02 21:00:00+00:00
[2024-11-27T15:58:19.647+0000] {processor.py:208} INFO - Processing /opt/airflow/dags/dag.py took 0.230 seconds
[2024-11-27T15:58:49.974+0000] {processor.py:186} INFO - Started process (PID=153) to work on /opt/airflow/dags/dag.py
[2024-11-27T15:58:49.975+0000] {processor.py:914} INFO - Processing file /opt/airflow/dags/dag.py for tasks to queue
[2024-11-27T15:58:49.977+0000] {logging_mixin.py:190} INFO - [2024-11-27T15:58:49.976+0000] {dagbag.py:588} INFO - Filling up the DagBag from /opt/airflow/dags/dag.py
[2024-11-27T15:58:50.004+0000] {processor.py:925} INFO - DAG(s) 'weather_data_pipeline' retrieved from /opt/airflow/dags/dag.py
[2024-11-27T15:58:50.034+0000] {logging_mixin.py:190} INFO - [2024-11-27T15:58:50.033+0000] {dag.py:3239} INFO - Sync 1 DAGs
[2024-11-27T15:58:50.062+0000] {logging_mixin.py:190} INFO - [2024-11-27T15:58:50.062+0000] {dag.py:4180} INFO - Setting next_dagrun for weather_data_pipeline to 2024-11-25 21:00:00+00:00, run_after=2024-12-02 21:00:00+00:00
[2024-11-27T15:58:50.165+0000] {processor.py:208} INFO - Processing /opt/airflow/dags/dag.py took 0.196 seconds
[2024-11-27T15:59:20.524+0000] {processor.py:186} INFO - Started process (PID=154) to work on /opt/airflow/dags/dag.py
[2024-11-27T15:59:20.525+0000] {processor.py:914} INFO - Processing file /opt/airflow/dags/dag.py for tasks to queue
[2024-11-27T15:59:20.528+0000] {logging_mixin.py:190} INFO - [2024-11-27T15:59:20.528+0000] {dagbag.py:588} INFO - Filling up the DagBag from /opt/airflow/dags/dag.py
[2024-11-27T15:59:20.560+0000] {processor.py:925} INFO - DAG(s) 'weather_data_pipeline' retrieved from /opt/airflow/dags/dag.py
[2024-11-27T15:59:20.591+0000] {logging_mixin.py:190} INFO - [2024-11-27T15:59:20.591+0000] {dag.py:3239} INFO - Sync 1 DAGs
[2024-11-27T15:59:20.623+0000] {logging_mixin.py:190} INFO - [2024-11-27T15:59:20.622+0000] {dag.py:4180} INFO - Setting next_dagrun for weather_data_pipeline to 2024-11-25 21:00:00+00:00, run_after=2024-12-02 21:00:00+00:00
[2024-11-27T15:59:20.739+0000] {processor.py:208} INFO - Processing /opt/airflow/dags/dag.py took 0.220 seconds
[2024-11-27T15:59:51.072+0000] {processor.py:186} INFO - Started process (PID=155) to work on /opt/airflow/dags/dag.py
[2024-11-27T15:59:51.073+0000] {processor.py:914} INFO - Processing file /opt/airflow/dags/dag.py for tasks to queue
[2024-11-27T15:59:51.076+0000] {logging_mixin.py:190} INFO - [2024-11-27T15:59:51.076+0000] {dagbag.py:588} INFO - Filling up the DagBag from /opt/airflow/dags/dag.py
[2024-11-27T15:59:51.105+0000] {processor.py:925} INFO - DAG(s) 'weather_data_pipeline' retrieved from /opt/airflow/dags/dag.py
[2024-11-27T15:59:51.138+0000] {logging_mixin.py:190} INFO - [2024-11-27T15:59:51.137+0000] {dag.py:3239} INFO - Sync 1 DAGs
[2024-11-27T15:59:51.165+0000] {logging_mixin.py:190} INFO - [2024-11-27T15:59:51.165+0000] {dag.py:4180} INFO - Setting next_dagrun for weather_data_pipeline to 2024-11-25 21:00:00+00:00, run_after=2024-12-02 21:00:00+00:00
[2024-11-27T15:59:51.286+0000] {processor.py:208} INFO - Processing /opt/airflow/dags/dag.py took 0.221 seconds
[2024-11-27T16:00:21.427+0000] {processor.py:186} INFO - Started process (PID=156) to work on /opt/airflow/dags/dag.py
[2024-11-27T16:00:21.428+0000] {processor.py:914} INFO - Processing file /opt/airflow/dags/dag.py for tasks to queue
[2024-11-27T16:00:21.430+0000] {logging_mixin.py:190} INFO - [2024-11-27T16:00:21.430+0000] {dagbag.py:588} INFO - Filling up the DagBag from /opt/airflow/dags/dag.py
[2024-11-27T16:00:21.460+0000] {processor.py:925} INFO - DAG(s) 'weather_data_pipeline' retrieved from /opt/airflow/dags/dag.py
[2024-11-27T16:00:21.492+0000] {logging_mixin.py:190} INFO - [2024-11-27T16:00:21.492+0000] {dag.py:3239} INFO - Sync 1 DAGs
[2024-11-27T16:00:21.524+0000] {logging_mixin.py:190} INFO - [2024-11-27T16:00:21.523+0000] {dag.py:4180} INFO - Setting next_dagrun for weather_data_pipeline to 2024-11-25 21:00:00+00:00, run_after=2024-12-02 21:00:00+00:00
[2024-11-27T16:00:21.615+0000] {processor.py:208} INFO - Processing /opt/airflow/dags/dag.py took 0.194 seconds
[2024-11-27T16:00:51.969+0000] {processor.py:186} INFO - Started process (PID=157) to work on /opt/airflow/dags/dag.py
[2024-11-27T16:00:51.970+0000] {processor.py:914} INFO - Processing file /opt/airflow/dags/dag.py for tasks to queue
[2024-11-27T16:00:51.973+0000] {logging_mixin.py:190} INFO - [2024-11-27T16:00:51.973+0000] {dagbag.py:588} INFO - Filling up the DagBag from /opt/airflow/dags/dag.py
[2024-11-27T16:00:52.004+0000] {processor.py:925} INFO - DAG(s) 'weather_data_pipeline' retrieved from /opt/airflow/dags/dag.py
[2024-11-27T16:00:52.035+0000] {logging_mixin.py:190} INFO - [2024-11-27T16:00:52.035+0000] {dag.py:3239} INFO - Sync 1 DAGs
[2024-11-27T16:00:52.064+0000] {logging_mixin.py:190} INFO - [2024-11-27T16:00:52.063+0000] {dag.py:4180} INFO - Setting next_dagrun for weather_data_pipeline to 2024-11-25 21:00:00+00:00, run_after=2024-12-02 21:00:00+00:00
[2024-11-27T16:00:52.276+0000] {processor.py:208} INFO - Processing /opt/airflow/dags/dag.py took 0.313 seconds
[2024-11-27T16:01:22.599+0000] {processor.py:186} INFO - Started process (PID=158) to work on /opt/airflow/dags/dag.py
[2024-11-27T16:01:22.601+0000] {processor.py:914} INFO - Processing file /opt/airflow/dags/dag.py for tasks to queue
[2024-11-27T16:01:22.603+0000] {logging_mixin.py:190} INFO - [2024-11-27T16:01:22.603+0000] {dagbag.py:588} INFO - Filling up the DagBag from /opt/airflow/dags/dag.py
[2024-11-27T16:01:22.633+0000] {processor.py:925} INFO - DAG(s) 'weather_data_pipeline' retrieved from /opt/airflow/dags/dag.py
[2024-11-27T16:01:22.663+0000] {logging_mixin.py:190} INFO - [2024-11-27T16:01:22.663+0000] {dag.py:3239} INFO - Sync 1 DAGs
[2024-11-27T16:01:22.692+0000] {logging_mixin.py:190} INFO - [2024-11-27T16:01:22.692+0000] {dag.py:4180} INFO - Setting next_dagrun for weather_data_pipeline to 2024-11-25 21:00:00+00:00, run_after=2024-12-02 21:00:00+00:00
[2024-11-27T16:01:22.809+0000] {processor.py:208} INFO - Processing /opt/airflow/dags/dag.py took 0.216 seconds
[2024-11-27T16:01:53.192+0000] {processor.py:186} INFO - Started process (PID=159) to work on /opt/airflow/dags/dag.py
[2024-11-27T16:01:53.194+0000] {processor.py:914} INFO - Processing file /opt/airflow/dags/dag.py for tasks to queue
[2024-11-27T16:01:53.196+0000] {logging_mixin.py:190} INFO - [2024-11-27T16:01:53.195+0000] {dagbag.py:588} INFO - Filling up the DagBag from /opt/airflow/dags/dag.py
[2024-11-27T16:01:53.226+0000] {processor.py:925} INFO - DAG(s) 'weather_data_pipeline' retrieved from /opt/airflow/dags/dag.py
[2024-11-27T16:01:53.257+0000] {logging_mixin.py:190} INFO - [2024-11-27T16:01:53.257+0000] {dag.py:3239} INFO - Sync 1 DAGs
[2024-11-27T16:01:53.287+0000] {logging_mixin.py:190} INFO - [2024-11-27T16:01:53.287+0000] {dag.py:4180} INFO - Setting next_dagrun for weather_data_pipeline to 2024-11-25 21:00:00+00:00, run_after=2024-12-02 21:00:00+00:00
[2024-11-27T16:01:53.393+0000] {processor.py:208} INFO - Processing /opt/airflow/dags/dag.py took 0.206 seconds
[2024-11-27T16:02:23.714+0000] {processor.py:186} INFO - Started process (PID=160) to work on /opt/airflow/dags/dag.py
[2024-11-27T16:02:23.715+0000] {processor.py:914} INFO - Processing file /opt/airflow/dags/dag.py for tasks to queue
[2024-11-27T16:02:23.718+0000] {logging_mixin.py:190} INFO - [2024-11-27T16:02:23.717+0000] {dagbag.py:588} INFO - Filling up the DagBag from /opt/airflow/dags/dag.py
[2024-11-27T16:02:23.747+0000] {processor.py:925} INFO - DAG(s) 'weather_data_pipeline' retrieved from /opt/airflow/dags/dag.py
[2024-11-27T16:02:23.778+0000] {logging_mixin.py:190} INFO - [2024-11-27T16:02:23.778+0000] {dag.py:3239} INFO - Sync 1 DAGs
[2024-11-27T16:02:23.807+0000] {logging_mixin.py:190} INFO - [2024-11-27T16:02:23.807+0000] {dag.py:4180} INFO - Setting next_dagrun for weather_data_pipeline to 2024-11-25 21:00:00+00:00, run_after=2024-12-02 21:00:00+00:00
[2024-11-27T16:02:23.915+0000] {processor.py:208} INFO - Processing /opt/airflow/dags/dag.py took 0.206 seconds
[2024-11-27T16:02:54.258+0000] {processor.py:186} INFO - Started process (PID=161) to work on /opt/airflow/dags/dag.py
[2024-11-27T16:02:54.259+0000] {processor.py:914} INFO - Processing file /opt/airflow/dags/dag.py for tasks to queue
[2024-11-27T16:02:54.261+0000] {logging_mixin.py:190} INFO - [2024-11-27T16:02:54.261+0000] {dagbag.py:588} INFO - Filling up the DagBag from /opt/airflow/dags/dag.py
[2024-11-27T16:02:54.291+0000] {processor.py:925} INFO - DAG(s) 'weather_data_pipeline' retrieved from /opt/airflow/dags/dag.py
[2024-11-27T16:02:54.321+0000] {logging_mixin.py:190} INFO - [2024-11-27T16:02:54.320+0000] {dag.py:3239} INFO - Sync 1 DAGs
[2024-11-27T16:02:54.350+0000] {logging_mixin.py:190} INFO - [2024-11-27T16:02:54.350+0000] {dag.py:4180} INFO - Setting next_dagrun for weather_data_pipeline to 2024-11-25 21:00:00+00:00, run_after=2024-12-02 21:00:00+00:00
[2024-11-27T16:02:54.452+0000] {processor.py:208} INFO - Processing /opt/airflow/dags/dag.py took 0.200 seconds
[2024-11-27T16:03:24.793+0000] {processor.py:186} INFO - Started process (PID=162) to work on /opt/airflow/dags/dag.py
[2024-11-27T16:03:24.794+0000] {processor.py:914} INFO - Processing file /opt/airflow/dags/dag.py for tasks to queue
[2024-11-27T16:03:24.796+0000] {logging_mixin.py:190} INFO - [2024-11-27T16:03:24.796+0000] {dagbag.py:588} INFO - Filling up the DagBag from /opt/airflow/dags/dag.py
[2024-11-27T16:03:24.827+0000] {processor.py:925} INFO - DAG(s) 'weather_data_pipeline' retrieved from /opt/airflow/dags/dag.py
[2024-11-27T16:03:24.859+0000] {logging_mixin.py:190} INFO - [2024-11-27T16:03:24.858+0000] {dag.py:3239} INFO - Sync 1 DAGs
[2024-11-27T16:03:24.889+0000] {logging_mixin.py:190} INFO - [2024-11-27T16:03:24.888+0000] {dag.py:4180} INFO - Setting next_dagrun for weather_data_pipeline to 2024-11-25 21:00:00+00:00, run_after=2024-12-02 21:00:00+00:00
[2024-11-27T16:03:25.001+0000] {processor.py:208} INFO - Processing /opt/airflow/dags/dag.py took 0.214 seconds
[2024-11-27T16:03:55.341+0000] {processor.py:186} INFO - Started process (PID=163) to work on /opt/airflow/dags/dag.py
[2024-11-27T16:03:55.342+0000] {processor.py:914} INFO - Processing file /opt/airflow/dags/dag.py for tasks to queue
[2024-11-27T16:03:55.345+0000] {logging_mixin.py:190} INFO - [2024-11-27T16:03:55.345+0000] {dagbag.py:588} INFO - Filling up the DagBag from /opt/airflow/dags/dag.py
[2024-11-27T16:03:55.374+0000] {processor.py:925} INFO - DAG(s) 'weather_data_pipeline' retrieved from /opt/airflow/dags/dag.py
[2024-11-27T16:03:55.404+0000] {logging_mixin.py:190} INFO - [2024-11-27T16:03:55.404+0000] {dag.py:3239} INFO - Sync 1 DAGs
[2024-11-27T16:03:55.433+0000] {logging_mixin.py:190} INFO - [2024-11-27T16:03:55.432+0000] {dag.py:4180} INFO - Setting next_dagrun for weather_data_pipeline to 2024-11-25 21:00:00+00:00, run_after=2024-12-02 21:00:00+00:00
[2024-11-27T16:03:55.541+0000] {processor.py:208} INFO - Processing /opt/airflow/dags/dag.py took 0.205 seconds
[2024-11-27T16:04:25.743+0000] {processor.py:186} INFO - Started process (PID=164) to work on /opt/airflow/dags/dag.py
[2024-11-27T16:04:25.745+0000] {processor.py:914} INFO - Processing file /opt/airflow/dags/dag.py for tasks to queue
[2024-11-27T16:04:25.747+0000] {logging_mixin.py:190} INFO - [2024-11-27T16:04:25.747+0000] {dagbag.py:588} INFO - Filling up the DagBag from /opt/airflow/dags/dag.py
[2024-11-27T16:04:25.785+0000] {processor.py:925} INFO - DAG(s) 'weather_data_pipeline' retrieved from /opt/airflow/dags/dag.py
[2024-11-27T16:04:25.825+0000] {logging_mixin.py:190} INFO - [2024-11-27T16:04:25.824+0000] {dag.py:3239} INFO - Sync 1 DAGs
[2024-11-27T16:04:25.861+0000] {logging_mixin.py:190} INFO - [2024-11-27T16:04:25.860+0000] {dag.py:4180} INFO - Setting next_dagrun for weather_data_pipeline to 2024-11-25 21:00:00+00:00, run_after=2024-12-02 21:00:00+00:00
[2024-11-27T16:04:25.976+0000] {processor.py:208} INFO - Processing /opt/airflow/dags/dag.py took 0.238 seconds
[2024-11-27T16:04:56.306+0000] {processor.py:186} INFO - Started process (PID=165) to work on /opt/airflow/dags/dag.py
[2024-11-27T16:04:56.307+0000] {processor.py:914} INFO - Processing file /opt/airflow/dags/dag.py for tasks to queue
[2024-11-27T16:04:56.309+0000] {logging_mixin.py:190} INFO - [2024-11-27T16:04:56.309+0000] {dagbag.py:588} INFO - Filling up the DagBag from /opt/airflow/dags/dag.py
[2024-11-27T16:04:56.344+0000] {processor.py:925} INFO - DAG(s) 'weather_data_pipeline' retrieved from /opt/airflow/dags/dag.py
[2024-11-27T16:04:56.376+0000] {logging_mixin.py:190} INFO - [2024-11-27T16:04:56.376+0000] {dag.py:3239} INFO - Sync 1 DAGs
[2024-11-27T16:04:56.409+0000] {logging_mixin.py:190} INFO - [2024-11-27T16:04:56.409+0000] {dag.py:4180} INFO - Setting next_dagrun for weather_data_pipeline to 2024-11-25 21:00:00+00:00, run_after=2024-12-02 21:00:00+00:00
[2024-11-27T16:04:56.553+0000] {processor.py:208} INFO - Processing /opt/airflow/dags/dag.py took 0.253 seconds
[2024-11-27T16:05:26.789+0000] {processor.py:186} INFO - Started process (PID=166) to work on /opt/airflow/dags/dag.py
[2024-11-27T16:05:26.791+0000] {processor.py:914} INFO - Processing file /opt/airflow/dags/dag.py for tasks to queue
[2024-11-27T16:05:26.794+0000] {logging_mixin.py:190} INFO - [2024-11-27T16:05:26.794+0000] {dagbag.py:588} INFO - Filling up the DagBag from /opt/airflow/dags/dag.py
[2024-11-27T16:05:26.828+0000] {processor.py:925} INFO - DAG(s) 'weather_data_pipeline' retrieved from /opt/airflow/dags/dag.py
[2024-11-27T16:05:26.862+0000] {logging_mixin.py:190} INFO - [2024-11-27T16:05:26.862+0000] {dag.py:3239} INFO - Sync 1 DAGs
[2024-11-27T16:05:26.895+0000] {logging_mixin.py:190} INFO - [2024-11-27T16:05:26.895+0000] {dag.py:4180} INFO - Setting next_dagrun for weather_data_pipeline to 2024-11-25 21:00:00+00:00, run_after=2024-12-02 21:00:00+00:00
[2024-11-27T16:05:27.014+0000] {processor.py:208} INFO - Processing /opt/airflow/dags/dag.py took 0.231 seconds
[2024-11-27T16:05:57.459+0000] {processor.py:186} INFO - Started process (PID=167) to work on /opt/airflow/dags/dag.py
[2024-11-27T16:05:57.460+0000] {processor.py:914} INFO - Processing file /opt/airflow/dags/dag.py for tasks to queue
[2024-11-27T16:05:57.462+0000] {logging_mixin.py:190} INFO - [2024-11-27T16:05:57.462+0000] {dagbag.py:588} INFO - Filling up the DagBag from /opt/airflow/dags/dag.py
[2024-11-27T16:05:57.495+0000] {processor.py:925} INFO - DAG(s) 'weather_data_pipeline' retrieved from /opt/airflow/dags/dag.py
[2024-11-27T16:05:57.535+0000] {logging_mixin.py:190} INFO - [2024-11-27T16:05:57.534+0000] {dag.py:3239} INFO - Sync 1 DAGs
[2024-11-27T16:05:57.570+0000] {logging_mixin.py:190} INFO - [2024-11-27T16:05:57.569+0000] {dag.py:4180} INFO - Setting next_dagrun for weather_data_pipeline to 2024-11-25 21:00:00+00:00, run_after=2024-12-02 21:00:00+00:00
[2024-11-27T16:05:57.687+0000] {processor.py:208} INFO - Processing /opt/airflow/dags/dag.py took 0.233 seconds
[2024-11-27T16:06:27.852+0000] {processor.py:186} INFO - Started process (PID=168) to work on /opt/airflow/dags/dag.py
[2024-11-27T16:06:27.853+0000] {processor.py:914} INFO - Processing file /opt/airflow/dags/dag.py for tasks to queue
[2024-11-27T16:06:27.855+0000] {logging_mixin.py:190} INFO - [2024-11-27T16:06:27.854+0000] {dagbag.py:588} INFO - Filling up the DagBag from /opt/airflow/dags/dag.py
[2024-11-27T16:06:27.890+0000] {processor.py:925} INFO - DAG(s) 'weather_data_pipeline' retrieved from /opt/airflow/dags/dag.py
[2024-11-27T16:06:27.925+0000] {logging_mixin.py:190} INFO - [2024-11-27T16:06:27.925+0000] {dag.py:3239} INFO - Sync 1 DAGs
[2024-11-27T16:06:27.964+0000] {logging_mixin.py:190} INFO - [2024-11-27T16:06:27.964+0000] {dag.py:4180} INFO - Setting next_dagrun for weather_data_pipeline to 2024-11-25 21:00:00+00:00, run_after=2024-12-02 21:00:00+00:00
[2024-11-27T16:06:28.078+0000] {processor.py:208} INFO - Processing /opt/airflow/dags/dag.py took 0.233 seconds
[2024-11-27T16:06:58.441+0000] {processor.py:186} INFO - Started process (PID=169) to work on /opt/airflow/dags/dag.py
[2024-11-27T16:06:58.442+0000] {processor.py:914} INFO - Processing file /opt/airflow/dags/dag.py for tasks to queue
[2024-11-27T16:06:58.444+0000] {logging_mixin.py:190} INFO - [2024-11-27T16:06:58.444+0000] {dagbag.py:588} INFO - Filling up the DagBag from /opt/airflow/dags/dag.py
[2024-11-27T16:06:58.511+0000] {processor.py:925} INFO - DAG(s) 'weather_data_pipeline' retrieved from /opt/airflow/dags/dag.py
[2024-11-27T16:06:58.553+0000] {logging_mixin.py:190} INFO - [2024-11-27T16:06:58.553+0000] {dag.py:3239} INFO - Sync 1 DAGs
[2024-11-27T16:06:58.586+0000] {logging_mixin.py:190} INFO - [2024-11-27T16:06:58.585+0000] {dag.py:4180} INFO - Setting next_dagrun for weather_data_pipeline to 2024-11-25 21:00:00+00:00, run_after=2024-12-02 21:00:00+00:00
[2024-11-27T16:06:58.726+0000] {processor.py:208} INFO - Processing /opt/airflow/dags/dag.py took 0.296 seconds
